<?xml version="1.0" encoding="UTF-8"?>
<testsuite xmlns:xsi="http://www.w3.org/2001/XMLSchema-instance" xsi:noNamespaceSchemaLocation="https://maven.apache.org/surefire/maven-surefire-plugin/xsd/surefire-test-report-3.0.xsd" version="3.0" name="com.cuiwen.SpringbootMybatisApplicationTests" time="2.267" tests="5" errors="1" skipped="0" failures="0">
  <properties>
    <property name="java.specification.version" value="23"/>
    <property name="sun.cpu.isalist" value="amd64"/>
    <property name="sun.jnu.encoding" value="GBK"/>
    <property name="java.class.path" value="D:\web-code\web-project01\springboot-mybatis\target\test-classes;D:\web-code\web-project01\springboot-mybatis\target\classes;D:\maven\apache-maven-3.9.9\mvn_repo\org\mybatis\spring\boot\mybatis-spring-boot-starter\3.0.4\mybatis-spring-boot-starter-3.0.4.jar;D:\maven\apache-maven-3.9.9\mvn_repo\org\springframework\boot\spring-boot-starter\3.3.7\spring-boot-starter-3.3.7.jar;D:\maven\apache-maven-3.9.9\mvn_repo\org\springframework\boot\spring-boot\3.3.7\spring-boot-3.3.7.jar;D:\maven\apache-maven-3.9.9\mvn_repo\org\springframework\spring-context\6.1.16\spring-context-6.1.16.jar;D:\maven\apache-maven-3.9.9\mvn_repo\org\springframework\spring-aop\6.1.16\spring-aop-6.1.16.jar;D:\maven\apache-maven-3.9.9\mvn_repo\org\springframework\spring-expression\6.1.16\spring-expression-6.1.16.jar;D:\maven\apache-maven-3.9.9\mvn_repo\io\micrometer\micrometer-observation\1.13.9\micrometer-observation-1.13.9.jar;D:\maven\apache-maven-3.9.9\mvn_repo\io\micrometer\micrometer-commons\1.13.9\micrometer-commons-1.13.9.jar;D:\maven\apache-maven-3.9.9\mvn_repo\org\springframework\boot\spring-boot-starter-logging\3.3.7\spring-boot-starter-logging-3.3.7.jar;D:\maven\apache-maven-3.9.9\mvn_repo\ch\qos\logback\logback-classic\1.5.12\logback-classic-1.5.12.jar;D:\maven\apache-maven-3.9.9\mvn_repo\ch\qos\logback\logback-core\1.5.12\logback-core-1.5.12.jar;D:\maven\apache-maven-3.9.9\mvn_repo\org\apache\logging\log4j\log4j-to-slf4j\2.23.1\log4j-to-slf4j-2.23.1.jar;D:\maven\apache-maven-3.9.9\mvn_repo\org\apache\logging\log4j\log4j-api\2.23.1\log4j-api-2.23.1.jar;D:\maven\apache-maven-3.9.9\mvn_repo\org\slf4j\jul-to-slf4j\2.0.16\jul-to-slf4j-2.0.16.jar;D:\maven\apache-maven-3.9.9\mvn_repo\jakarta\annotation\jakarta.annotation-api\2.1.1\jakarta.annotation-api-2.1.1.jar;D:\maven\apache-maven-3.9.9\mvn_repo\org\yaml\snakeyaml\2.2\snakeyaml-2.2.jar;D:\maven\apache-maven-3.9.9\mvn_repo\org\springframework\boot\spring-boot-starter-jdbc\3.3.7\spring-boot-starter-jdbc-3.3.7.jar;D:\maven\apache-maven-3.9.9\mvn_repo\com\zaxxer\HikariCP\5.1.0\HikariCP-5.1.0.jar;D:\maven\apache-maven-3.9.9\mvn_repo\org\springframework\spring-jdbc\6.1.16\spring-jdbc-6.1.16.jar;D:\maven\apache-maven-3.9.9\mvn_repo\org\springframework\spring-beans\6.1.16\spring-beans-6.1.16.jar;D:\maven\apache-maven-3.9.9\mvn_repo\org\mybatis\spring\boot\mybatis-spring-boot-autoconfigure\3.0.4\mybatis-spring-boot-autoconfigure-3.0.4.jar;D:\maven\apache-maven-3.9.9\mvn_repo\org\mybatis\mybatis\3.5.17\mybatis-3.5.17.jar;D:\maven\apache-maven-3.9.9\mvn_repo\org\mybatis\mybatis-spring\3.0.4\mybatis-spring-3.0.4.jar;D:\maven\apache-maven-3.9.9\mvn_repo\com\mysql\mysql-connector-j\8.3.0\mysql-connector-j-8.3.0.jar;D:\maven\apache-maven-3.9.9\mvn_repo\org\projectlombok\lombok\1.18.36\lombok-1.18.36.jar;D:\maven\apache-maven-3.9.9\mvn_repo\org\springframework\boot\spring-boot-starter-test\3.3.7\spring-boot-starter-test-3.3.7.jar;D:\maven\apache-maven-3.9.9\mvn_repo\org\springframework\boot\spring-boot-test\3.3.7\spring-boot-test-3.3.7.jar;D:\maven\apache-maven-3.9.9\mvn_repo\org\springframework\boot\spring-boot-test-autoconfigure\3.3.7\spring-boot-test-autoconfigure-3.3.7.jar;D:\maven\apache-maven-3.9.9\mvn_repo\com\jayway\jsonpath\json-path\2.9.0\json-path-2.9.0.jar;D:\maven\apache-maven-3.9.9\mvn_repo\jakarta\xml\bind\jakarta.xml.bind-api\4.0.2\jakarta.xml.bind-api-4.0.2.jar;D:\maven\apache-maven-3.9.9\mvn_repo\jakarta\activation\jakarta.activation-api\2.1.3\jakarta.activation-api-2.1.3.jar;D:\maven\apache-maven-3.9.9\mvn_repo\net\minidev\json-smart\2.5.1\json-smart-2.5.1.jar;D:\maven\apache-maven-3.9.9\mvn_repo\net\minidev\accessors-smart\2.5.1\accessors-smart-2.5.1.jar;D:\maven\apache-maven-3.9.9\mvn_repo\org\ow2\asm\asm\9.6\asm-9.6.jar;D:\maven\apache-maven-3.9.9\mvn_repo\org\assertj\assertj-core\3.25.3\assertj-core-3.25.3.jar;D:\maven\apache-maven-3.9.9\mvn_repo\net\bytebuddy\byte-buddy\1.14.19\byte-buddy-1.14.19.jar;D:\maven\apache-maven-3.9.9\mvn_repo\org\awaitility\awaitility\4.2.2\awaitility-4.2.2.jar;D:\maven\apache-maven-3.9.9\mvn_repo\org\hamcrest\hamcrest\2.2\hamcrest-2.2.jar;D:\maven\apache-maven-3.9.9\mvn_repo\org\junit\jupiter\junit-jupiter\5.10.5\junit-jupiter-5.10.5.jar;D:\maven\apache-maven-3.9.9\mvn_repo\org\junit\jupiter\junit-jupiter-api\5.10.5\junit-jupiter-api-5.10.5.jar;D:\maven\apache-maven-3.9.9\mvn_repo\org\opentest4j\opentest4j\1.3.0\opentest4j-1.3.0.jar;D:\maven\apache-maven-3.9.9\mvn_repo\org\junit\platform\junit-platform-commons\1.10.5\junit-platform-commons-1.10.5.jar;D:\maven\apache-maven-3.9.9\mvn_repo\org\apiguardian\apiguardian-api\1.1.2\apiguardian-api-1.1.2.jar;D:\maven\apache-maven-3.9.9\mvn_repo\org\junit\jupiter\junit-jupiter-params\5.10.5\junit-jupiter-params-5.10.5.jar;D:\maven\apache-maven-3.9.9\mvn_repo\org\junit\jupiter\junit-jupiter-engine\5.10.5\junit-jupiter-engine-5.10.5.jar;D:\maven\apache-maven-3.9.9\mvn_repo\org\junit\platform\junit-platform-engine\1.10.5\junit-platform-engine-1.10.5.jar;D:\maven\apache-maven-3.9.9\mvn_repo\org\mockito\mockito-core\5.11.0\mockito-core-5.11.0.jar;D:\maven\apache-maven-3.9.9\mvn_repo\net\bytebuddy\byte-buddy-agent\1.14.19\byte-buddy-agent-1.14.19.jar;D:\maven\apache-maven-3.9.9\mvn_repo\org\objenesis\objenesis\3.3\objenesis-3.3.jar;D:\maven\apache-maven-3.9.9\mvn_repo\org\mockito\mockito-junit-jupiter\5.11.0\mockito-junit-jupiter-5.11.0.jar;D:\maven\apache-maven-3.9.9\mvn_repo\org\skyscreamer\jsonassert\1.5.3\jsonassert-1.5.3.jar;D:\maven\apache-maven-3.9.9\mvn_repo\com\vaadin\external\google\android-json\0.0.20131108.vaadin1\android-json-0.0.20131108.vaadin1.jar;D:\maven\apache-maven-3.9.9\mvn_repo\org\springframework\spring-core\6.1.16\spring-core-6.1.16.jar;D:\maven\apache-maven-3.9.9\mvn_repo\org\springframework\spring-jcl\6.1.16\spring-jcl-6.1.16.jar;D:\maven\apache-maven-3.9.9\mvn_repo\org\springframework\spring-test\6.1.16\spring-test-6.1.16.jar;D:\maven\apache-maven-3.9.9\mvn_repo\org\xmlunit\xmlunit-core\2.9.1\xmlunit-core-2.9.1.jar;D:\maven\apache-maven-3.9.9\mvn_repo\org\mybatis\spring\boot\mybatis-spring-boot-starter-test\3.0.4\mybatis-spring-boot-starter-test-3.0.4.jar;D:\maven\apache-maven-3.9.9\mvn_repo\org\mybatis\spring\boot\mybatis-spring-boot-test-autoconfigure\3.0.4\mybatis-spring-boot-test-autoconfigure-3.0.4.jar;D:\maven\apache-maven-3.9.9\mvn_repo\org\springframework\spring-tx\6.1.16\spring-tx-6.1.16.jar;D:\maven\apache-maven-3.9.9\mvn_repo\com\alibaba\druid-spring-boot-starter\1.2.19\druid-spring-boot-starter-1.2.19.jar;D:\maven\apache-maven-3.9.9\mvn_repo\com\alibaba\druid\1.2.19\druid-1.2.19.jar;D:\maven\apache-maven-3.9.9\mvn_repo\org\slf4j\slf4j-api\2.0.16\slf4j-api-2.0.16.jar;D:\maven\apache-maven-3.9.9\mvn_repo\org\springframework\boot\spring-boot-autoconfigure\3.3.7\spring-boot-autoconfigure-3.3.7.jar;D:\maven\apache-maven-3.9.9\mvn_repo\org\glassfish\jaxb\jaxb-runtime\4.0.5\jaxb-runtime-4.0.5.jar;D:\maven\apache-maven-3.9.9\mvn_repo\org\glassfish\jaxb\jaxb-core\4.0.5\jaxb-core-4.0.5.jar;D:\maven\apache-maven-3.9.9\mvn_repo\org\eclipse\angus\angus-activation\2.0.2\angus-activation-2.0.2.jar;D:\maven\apache-maven-3.9.9\mvn_repo\org\glassfish\jaxb\txw2\4.0.5\txw2-4.0.5.jar;D:\maven\apache-maven-3.9.9\mvn_repo\com\sun\istack\istack-commons-runtime\4.1.2\istack-commons-runtime-4.1.2.jar;"/>
    <property name="java.vm.vendor" value="Oracle Corporation"/>
    <property name="sun.arch.data.model" value="64"/>
    <property name="user.variant" value=""/>
    <property name="java.vendor.url" value="https://java.oracle.com/"/>
    <property name="user.timezone" value="Asia/Shanghai"/>
    <property name="os.name" value="Windows 11"/>
    <property name="java.vm.specification.version" value="23"/>
    <property name="sun.java.launcher" value="SUN_STANDARD"/>
    <property name="user.country" value="CN"/>
    <property name="sun.boot.library.path" value="C:\Users\asus\.jdks\openjdk-23.0.1\bin"/>
    <property name="sun.java.command" value="C:\Users\asus\AppData\Local\Temp\surefire10027010586225898074\surefirebooter-20250112115015948_3.jar C:\Users\asus\AppData\Local\Temp\surefire10027010586225898074 2025-01-12T11-50-15_823-jvmRun1 surefire-20250112115015948_1tmp surefire_0-20250112115015948_2tmp"/>
    <property name="jdk.debug" value="release"/>
    <property name="surefire.test.class.path" value="D:\web-code\web-project01\springboot-mybatis\target\test-classes;D:\web-code\web-project01\springboot-mybatis\target\classes;D:\maven\apache-maven-3.9.9\mvn_repo\org\mybatis\spring\boot\mybatis-spring-boot-starter\3.0.4\mybatis-spring-boot-starter-3.0.4.jar;D:\maven\apache-maven-3.9.9\mvn_repo\org\springframework\boot\spring-boot-starter\3.3.7\spring-boot-starter-3.3.7.jar;D:\maven\apache-maven-3.9.9\mvn_repo\org\springframework\boot\spring-boot\3.3.7\spring-boot-3.3.7.jar;D:\maven\apache-maven-3.9.9\mvn_repo\org\springframework\spring-context\6.1.16\spring-context-6.1.16.jar;D:\maven\apache-maven-3.9.9\mvn_repo\org\springframework\spring-aop\6.1.16\spring-aop-6.1.16.jar;D:\maven\apache-maven-3.9.9\mvn_repo\org\springframework\spring-expression\6.1.16\spring-expression-6.1.16.jar;D:\maven\apache-maven-3.9.9\mvn_repo\io\micrometer\micrometer-observation\1.13.9\micrometer-observation-1.13.9.jar;D:\maven\apache-maven-3.9.9\mvn_repo\io\micrometer\micrometer-commons\1.13.9\micrometer-commons-1.13.9.jar;D:\maven\apache-maven-3.9.9\mvn_repo\org\springframework\boot\spring-boot-starter-logging\3.3.7\spring-boot-starter-logging-3.3.7.jar;D:\maven\apache-maven-3.9.9\mvn_repo\ch\qos\logback\logback-classic\1.5.12\logback-classic-1.5.12.jar;D:\maven\apache-maven-3.9.9\mvn_repo\ch\qos\logback\logback-core\1.5.12\logback-core-1.5.12.jar;D:\maven\apache-maven-3.9.9\mvn_repo\org\apache\logging\log4j\log4j-to-slf4j\2.23.1\log4j-to-slf4j-2.23.1.jar;D:\maven\apache-maven-3.9.9\mvn_repo\org\apache\logging\log4j\log4j-api\2.23.1\log4j-api-2.23.1.jar;D:\maven\apache-maven-3.9.9\mvn_repo\org\slf4j\jul-to-slf4j\2.0.16\jul-to-slf4j-2.0.16.jar;D:\maven\apache-maven-3.9.9\mvn_repo\jakarta\annotation\jakarta.annotation-api\2.1.1\jakarta.annotation-api-2.1.1.jar;D:\maven\apache-maven-3.9.9\mvn_repo\org\yaml\snakeyaml\2.2\snakeyaml-2.2.jar;D:\maven\apache-maven-3.9.9\mvn_repo\org\springframework\boot\spring-boot-starter-jdbc\3.3.7\spring-boot-starter-jdbc-3.3.7.jar;D:\maven\apache-maven-3.9.9\mvn_repo\com\zaxxer\HikariCP\5.1.0\HikariCP-5.1.0.jar;D:\maven\apache-maven-3.9.9\mvn_repo\org\springframework\spring-jdbc\6.1.16\spring-jdbc-6.1.16.jar;D:\maven\apache-maven-3.9.9\mvn_repo\org\springframework\spring-beans\6.1.16\spring-beans-6.1.16.jar;D:\maven\apache-maven-3.9.9\mvn_repo\org\mybatis\spring\boot\mybatis-spring-boot-autoconfigure\3.0.4\mybatis-spring-boot-autoconfigure-3.0.4.jar;D:\maven\apache-maven-3.9.9\mvn_repo\org\mybatis\mybatis\3.5.17\mybatis-3.5.17.jar;D:\maven\apache-maven-3.9.9\mvn_repo\org\mybatis\mybatis-spring\3.0.4\mybatis-spring-3.0.4.jar;D:\maven\apache-maven-3.9.9\mvn_repo\com\mysql\mysql-connector-j\8.3.0\mysql-connector-j-8.3.0.jar;D:\maven\apache-maven-3.9.9\mvn_repo\org\projectlombok\lombok\1.18.36\lombok-1.18.36.jar;D:\maven\apache-maven-3.9.9\mvn_repo\org\springframework\boot\spring-boot-starter-test\3.3.7\spring-boot-starter-test-3.3.7.jar;D:\maven\apache-maven-3.9.9\mvn_repo\org\springframework\boot\spring-boot-test\3.3.7\spring-boot-test-3.3.7.jar;D:\maven\apache-maven-3.9.9\mvn_repo\org\springframework\boot\spring-boot-test-autoconfigure\3.3.7\spring-boot-test-autoconfigure-3.3.7.jar;D:\maven\apache-maven-3.9.9\mvn_repo\com\jayway\jsonpath\json-path\2.9.0\json-path-2.9.0.jar;D:\maven\apache-maven-3.9.9\mvn_repo\jakarta\xml\bind\jakarta.xml.bind-api\4.0.2\jakarta.xml.bind-api-4.0.2.jar;D:\maven\apache-maven-3.9.9\mvn_repo\jakarta\activation\jakarta.activation-api\2.1.3\jakarta.activation-api-2.1.3.jar;D:\maven\apache-maven-3.9.9\mvn_repo\net\minidev\json-smart\2.5.1\json-smart-2.5.1.jar;D:\maven\apache-maven-3.9.9\mvn_repo\net\minidev\accessors-smart\2.5.1\accessors-smart-2.5.1.jar;D:\maven\apache-maven-3.9.9\mvn_repo\org\ow2\asm\asm\9.6\asm-9.6.jar;D:\maven\apache-maven-3.9.9\mvn_repo\org\assertj\assertj-core\3.25.3\assertj-core-3.25.3.jar;D:\maven\apache-maven-3.9.9\mvn_repo\net\bytebuddy\byte-buddy\1.14.19\byte-buddy-1.14.19.jar;D:\maven\apache-maven-3.9.9\mvn_repo\org\awaitility\awaitility\4.2.2\awaitility-4.2.2.jar;D:\maven\apache-maven-3.9.9\mvn_repo\org\hamcrest\hamcrest\2.2\hamcrest-2.2.jar;D:\maven\apache-maven-3.9.9\mvn_repo\org\junit\jupiter\junit-jupiter\5.10.5\junit-jupiter-5.10.5.jar;D:\maven\apache-maven-3.9.9\mvn_repo\org\junit\jupiter\junit-jupiter-api\5.10.5\junit-jupiter-api-5.10.5.jar;D:\maven\apache-maven-3.9.9\mvn_repo\org\opentest4j\opentest4j\1.3.0\opentest4j-1.3.0.jar;D:\maven\apache-maven-3.9.9\mvn_repo\org\junit\platform\junit-platform-commons\1.10.5\junit-platform-commons-1.10.5.jar;D:\maven\apache-maven-3.9.9\mvn_repo\org\apiguardian\apiguardian-api\1.1.2\apiguardian-api-1.1.2.jar;D:\maven\apache-maven-3.9.9\mvn_repo\org\junit\jupiter\junit-jupiter-params\5.10.5\junit-jupiter-params-5.10.5.jar;D:\maven\apache-maven-3.9.9\mvn_repo\org\junit\jupiter\junit-jupiter-engine\5.10.5\junit-jupiter-engine-5.10.5.jar;D:\maven\apache-maven-3.9.9\mvn_repo\org\junit\platform\junit-platform-engine\1.10.5\junit-platform-engine-1.10.5.jar;D:\maven\apache-maven-3.9.9\mvn_repo\org\mockito\mockito-core\5.11.0\mockito-core-5.11.0.jar;D:\maven\apache-maven-3.9.9\mvn_repo\net\bytebuddy\byte-buddy-agent\1.14.19\byte-buddy-agent-1.14.19.jar;D:\maven\apache-maven-3.9.9\mvn_repo\org\objenesis\objenesis\3.3\objenesis-3.3.jar;D:\maven\apache-maven-3.9.9\mvn_repo\org\mockito\mockito-junit-jupiter\5.11.0\mockito-junit-jupiter-5.11.0.jar;D:\maven\apache-maven-3.9.9\mvn_repo\org\skyscreamer\jsonassert\1.5.3\jsonassert-1.5.3.jar;D:\maven\apache-maven-3.9.9\mvn_repo\com\vaadin\external\google\android-json\0.0.20131108.vaadin1\android-json-0.0.20131108.vaadin1.jar;D:\maven\apache-maven-3.9.9\mvn_repo\org\springframework\spring-core\6.1.16\spring-core-6.1.16.jar;D:\maven\apache-maven-3.9.9\mvn_repo\org\springframework\spring-jcl\6.1.16\spring-jcl-6.1.16.jar;D:\maven\apache-maven-3.9.9\mvn_repo\org\springframework\spring-test\6.1.16\spring-test-6.1.16.jar;D:\maven\apache-maven-3.9.9\mvn_repo\org\xmlunit\xmlunit-core\2.9.1\xmlunit-core-2.9.1.jar;D:\maven\apache-maven-3.9.9\mvn_repo\org\mybatis\spring\boot\mybatis-spring-boot-starter-test\3.0.4\mybatis-spring-boot-starter-test-3.0.4.jar;D:\maven\apache-maven-3.9.9\mvn_repo\org\mybatis\spring\boot\mybatis-spring-boot-test-autoconfigure\3.0.4\mybatis-spring-boot-test-autoconfigure-3.0.4.jar;D:\maven\apache-maven-3.9.9\mvn_repo\org\springframework\spring-tx\6.1.16\spring-tx-6.1.16.jar;D:\maven\apache-maven-3.9.9\mvn_repo\com\alibaba\druid-spring-boot-starter\1.2.19\druid-spring-boot-starter-1.2.19.jar;D:\maven\apache-maven-3.9.9\mvn_repo\com\alibaba\druid\1.2.19\druid-1.2.19.jar;D:\maven\apache-maven-3.9.9\mvn_repo\org\slf4j\slf4j-api\2.0.16\slf4j-api-2.0.16.jar;D:\maven\apache-maven-3.9.9\mvn_repo\org\springframework\boot\spring-boot-autoconfigure\3.3.7\spring-boot-autoconfigure-3.3.7.jar;D:\maven\apache-maven-3.9.9\mvn_repo\org\glassfish\jaxb\jaxb-runtime\4.0.5\jaxb-runtime-4.0.5.jar;D:\maven\apache-maven-3.9.9\mvn_repo\org\glassfish\jaxb\jaxb-core\4.0.5\jaxb-core-4.0.5.jar;D:\maven\apache-maven-3.9.9\mvn_repo\org\eclipse\angus\angus-activation\2.0.2\angus-activation-2.0.2.jar;D:\maven\apache-maven-3.9.9\mvn_repo\org\glassfish\jaxb\txw2\4.0.5\txw2-4.0.5.jar;D:\maven\apache-maven-3.9.9\mvn_repo\com\sun\istack\istack-commons-runtime\4.1.2\istack-commons-runtime-4.1.2.jar;"/>
    <property name="sun.cpu.endian" value="little"/>
    <property name="user.home" value="C:\Users\asus"/>
    <property name="user.language" value="zh"/>
    <property name="java.specification.vendor" value="Oracle Corporation"/>
    <property name="java.version.date" value="2024-10-15"/>
    <property name="java.home" value="C:\Users\asus\.jdks\openjdk-23.0.1"/>
    <property name="file.separator" value="\"/>
    <property name="basedir" value="D:\web-code\web-project01\springboot-mybatis"/>
    <property name="java.vm.compressedOopsMode" value="Zero based"/>
    <property name="line.separator" value="&#10;"/>
    <property name="java.vm.specification.vendor" value="Oracle Corporation"/>
    <property name="java.specification.name" value="Java Platform API Specification"/>
    <property name="FILE_LOG_CHARSET" value="UTF-8"/>
    <property name="java.awt.headless" value="true"/>
    <property name="surefire.real.class.path" value="C:\Users\asus\AppData\Local\Temp\surefire10027010586225898074\surefirebooter-20250112115015948_3.jar"/>
    <property name="user.script" value=""/>
    <property name="sun.management.compiler" value="HotSpot 64-Bit Tiered Compilers"/>
    <property name="java.runtime.version" value="23.0.1+11-39"/>
    <property name="user.name" value="asus"/>
    <property name="stdout.encoding" value="GBK"/>
    <property name="path.separator" value=";"/>
    <property name="os.version" value="10.0"/>
    <property name="java.runtime.name" value="OpenJDK Runtime Environment"/>
    <property name="file.encoding" value="UTF-8"/>
    <property name="java.vm.name" value="OpenJDK 64-Bit Server VM"/>
    <property name="localRepository" value="D:\maven\apache-maven-3.9.9\mvn_repo"/>
    <property name="java.vendor.url.bug" value="https://bugreport.java.com/bugreport/"/>
    <property name="java.io.tmpdir" value="C:\Users\asus\AppData\Local\Temp\"/>
    <property name="idea.version" value="2024.2.3"/>
    <property name="java.version" value="23.0.1"/>
    <property name="user.dir" value="D:\web-code\web-project01\springboot-mybatis"/>
    <property name="os.arch" value="amd64"/>
    <property name="java.vm.specification.name" value="Java Virtual Machine Specification"/>
    <property name="PID" value="26564"/>
    <property name="sun.os.patch.level" value=""/>
    <property name="CONSOLE_LOG_CHARSET" value="UTF-8"/>
    <property name="native.encoding" value="GBK"/>
    <property name="java.library.path" value="C:\Users\asus\.jdks\openjdk-23.0.1\bin;C:\WINDOWS\Sun\Java\bin;C:\WINDOWS\system32;C:\WINDOWS;C:\Program Files (x86)\Common Files\Oracle\Java\java8path;C:\Program Files (x86)\Common Files\Oracle\Java\javapath;C:\Windows\system32;C:\Windows;C:\Windows\System32\Wbem;C:\Windows\System32\WindowsPowerShell\v1.0\;C:\Windows\System32\OpenSSH\;C:\Program Files (x86)\NVIDIA Corporation\PhysX\Common;C:\Program Files\NVIDIA Corporation\NVIDIA NvDLISR;C:\WINDOWS\system32;C:\WINDOWS;C:\WINDOWS\System32\Wbem;C:\WINDOWS\System32\WindowsPowerShell\v1.0\;C:\WINDOWS\System32\OpenSSH\;C:\Program Files\Microsoft\Web Platform Installer\;C:\Program Files (x86)\Microsoft ASP.NET\ASP.NET Web Pages\v1.0\;C:\Program Files\Microsoft SQL Server\110\Tools\Binn\;C:\Program Files\dotnet\;D:\MATLAB2023\runtime\win64;D:\MATLAB2023\bin;C:\Program Files (x86)\Windows Kits\10\Windows Performance Toolkit\;D:\TDM64-GCC\bin;D:\maven\apache-maven-3.9.9\bin;D:\mysql\mysql-9.1.0-winx64\bin;D:\TDM64-GCC\bin;D:\Python\Scripts\;D:\Python\;C:\Users\asus\AppData\Local\Microsoft\WindowsApps;C:\Program Files\JetBrains\IntelliJ IDEA Community Edition 2024.2.1\bin;;;D:\IntelliJ IDEA\bin;;D:\DataGrip\bin;;."/>
    <property name="java.vm.info" value="mixed mode, sharing"/>
    <property name="stderr.encoding" value="GBK"/>
    <property name="java.vendor" value="Oracle Corporation"/>
    <property name="java.vm.version" value="23.0.1+11-39"/>
    <property name="sun.io.unicode.encoding" value="UnicodeLittle"/>
    <property name="java.class.version" value="67.0"/>
    <property name="LOGGED_APPLICATION_NAME" value="[springboot-mybatis] "/>
  </properties>
  <testcase name="testFindAll" classname="com.cuiwen.SpringbootMybatisApplicationTests" time="0.584">
    <error message="Invalid bound statement (not found): com.cuiwen.mapper.StudentMapper.findALL" type="org.apache.ibatis.binding.BindingException"><![CDATA[org.apache.ibatis.binding.BindingException: Invalid bound statement (not found): com.cuiwen.mapper.StudentMapper.findALL
	at org.apache.ibatis.binding.MapperMethod$SqlCommand.<init>(MapperMethod.java:229)
	at org.apache.ibatis.binding.MapperMethod.<init>(MapperMethod.java:53)
	at org.apache.ibatis.binding.MapperProxy.lambda$cachedInvoker$0(MapperProxy.java:96)
	at java.base/java.util.concurrent.ConcurrentHashMap.computeIfAbsent(ConcurrentHashMap.java:1713)
	at org.apache.ibatis.util.MapUtil.computeIfAbsent(MapUtil.java:36)
	at org.apache.ibatis.binding.MapperProxy.cachedInvoker(MapperProxy.java:94)
	at org.apache.ibatis.binding.MapperProxy.invoke(MapperProxy.java:86)
	at jdk.proxy2/jdk.proxy2.$Proxy59.findALL(Unknown Source)
	at com.cuiwen.SpringbootMybatisApplicationTests.testFindAll(SpringbootMybatisApplicationTests.java:18)
	at java.base/java.lang.reflect.Method.invoke(Method.java:580)
	at java.base/java.util.ArrayList.forEach(ArrayList.java:1597)
	at java.base/java.util.ArrayList.forEach(ArrayList.java:1597)
]]></error>
    <system-out><![CDATA[11:50:16.598 [main] INFO org.springframework.test.context.support.AnnotationConfigContextLoaderUtils -- Could not detect default configuration classes for test class [com.cuiwen.SpringbootMybatisApplicationTests]: SpringbootMybatisApplicationTests does not declare any static, non-private, non-final, nested classes annotated with @Configuration.
11:50:16.676 [main] INFO org.springframework.boot.test.context.SpringBootTestContextBootstrapper -- Found @SpringBootConfiguration com.cuiwen.SpringbootMybatisApplication for test class com.cuiwen.SpringbootMybatisApplicationTests

  .   ____          _            __ _ _
 /\\ / ___'_ __ _ _(_)_ __  __ _ \ \ \ \
( ( )\___ | '_ | '_| | '_ \/ _` | \ \ \ \
 \\/  ___)| |_)| | | | | || (_| |  ) ) ) )
  '  |____| .__|_| |_|_| |_\__, | / / / /
 =========|_|==============|___/=/_/_/_/

 :: Spring Boot ::                (v3.3.7)

2025-01-12T11:50:16.933+08:00  INFO 26564 --- [springboot-mybatis] [           main] c.c.SpringbootMybatisApplicationTests    : Starting SpringbootMybatisApplicationTests using Java 23.0.1 with PID 26564 (started by asus in D:\web-code\web-project01\springboot-mybatis)
2025-01-12T11:50:16.933+08:00  INFO 26564 --- [springboot-mybatis] [           main] c.c.SpringbootMybatisApplicationTests    : No active profile set, falling back to 1 default profile: "default"
Logging initialized using 'class org.apache.ibatis.logging.stdout.StdOutImpl' adapter.
2025-01-12T11:50:17.685+08:00  INFO 26564 --- [springboot-mybatis] [           main] c.c.SpringbootMybatisApplicationTests    : Started SpringbootMybatisApplicationTests in 0.93 seconds (process running for 1.619)
]]></system-out>
    <system-err><![CDATA[WARNING: A Java agent has been loaded dynamically (D:\maven\apache-maven-3.9.9\mvn_repo\net\bytebuddy\byte-buddy-agent\1.14.19\byte-buddy-agent-1.14.19.jar)
WARNING: If a serviceability tool is in use, please run with -XX:+EnableDynamicAgentLoading to hide this warning
WARNING: If a serviceability tool is not in use, please run with -Djdk.instrument.traceUsage for more information
WARNING: Dynamic loading of agents will be disallowed by default in a future release
]]></system-err>
  </testcase>
  <testcase name="testFindById" classname="com.cuiwen.SpringbootMybatisApplicationTests" time="0.434">
    <system-out><![CDATA[Creating a new SqlSession
SqlSession [org.apache.ibatis.session.defaults.DefaultSqlSession@79ab97fd] was not registered for synchronization because synchronization is not active
2025-01-12T11:50:18.414+08:00  INFO 26564 --- [springboot-mybatis] [           main] com.alibaba.druid.pool.DruidDataSource   : {dataSource-1} inited
JDBC Connection [com.mysql.cj.jdbc.ConnectionImpl@11399548] will not be managed by Spring
==>  Preparing: select class_id, name, student_id from student where class_id = ?
==> Parameters: 34(Integer)
<==    Columns: class_id, name, student_id
<==        Row: 34, 漼雯, 242241807206
<==      Total: 1
Closing non transactional SqlSession [org.apache.ibatis.session.defaults.DefaultSqlSession@79ab97fd]
Student(classId=null, name=漼雯, studentId=null)
]]></system-out>
  </testcase>
  <testcase name="testDeleteById" classname="com.cuiwen.SpringbootMybatisApplicationTests" time="0.019">
    <system-out><![CDATA[Creating a new SqlSession
SqlSession [org.apache.ibatis.session.defaults.DefaultSqlSession@7c5f29c6] was not registered for synchronization because synchronization is not active
JDBC Connection [com.mysql.cj.jdbc.ConnectionImpl@11399548] will not be managed by Spring
==>  Preparing: delete from student where class_id = ?
==> Parameters: 1(Integer)
<==    Updates: 1
Closing non transactional SqlSession [org.apache.ibatis.session.defaults.DefaultSqlSession@7c5f29c6]
]]></system-out>
  </testcase>
  <testcase name="testInsert" classname="com.cuiwen.SpringbootMybatisApplicationTests" time="0.0">
    <system-out><![CDATA[Creating a new SqlSession
SqlSession [org.apache.ibatis.session.defaults.DefaultSqlSession@68fc9167] was not registered for synchronization because synchronization is not active
JDBC Connection [com.mysql.cj.jdbc.ConnectionImpl@11399548] will not be managed by Spring
==>  Preparing: insert into student(name, student_id) values(?, ?)
==> Parameters: 漼雯(String), 242241807202(String)
<==    Updates: 1
Closing non transactional SqlSession [org.apache.ibatis.session.defaults.DefaultSqlSession@68fc9167]
]]></system-out>
  </testcase>
  <testcase name="testUpdate" classname="com.cuiwen.SpringbootMybatisApplicationTests" time="0.004">
    <system-out><![CDATA[Creating a new SqlSession
SqlSession [org.apache.ibatis.session.defaults.DefaultSqlSession@7103745] was not registered for synchronization because synchronization is not active
JDBC Connection [com.mysql.cj.jdbc.ConnectionImpl@11399548] will not be managed by Spring
==>  Preparing: update student set student_id = ? where class_id = ?
==> Parameters: 242241807206(String), 34(Integer)
<==    Updates: 1
Closing non transactional SqlSession [org.apache.ibatis.session.defaults.DefaultSqlSession@7103745]
]]></system-out>
  </testcase>
</testsuite>